{
  "RSpec": {
    "coverage": {
      "/app/app/controllers/api/v1/authentication_controller.rb": {
        "lines": [
          null,
          null,
          1,
          1,
          1,
          1,
          3,
          3,
          null,
          null,
          null,
          null
        ]
      },
      "/app/app/controllers/application_controller.rb": {
        "lines": [
          null,
          null,
          1,
          null
        ]
      },
      "/app/app/models/user.rb": {
        "lines": [
          null,
          null,
          1,
          1,
          1,
          1,
          1,
          1,
          null,
          null,
          null,
          null,
          null,
          null
        ]
      },
      "/app/app/interactors/v1/authenticate_interactor.rb": {
        "lines": [
          null,
          null,
          1,
          1,
          null,
          null,
          1,
          3,
          3,
          null,
          null,
          1,
          3,
          2,
          null,
          1,
          null,
          null,
          null,
          1,
          null,
          1,
          6,
          null,
          null,
          null
        ]
      },
      "/app/app/repository/v1/users/find_repository.rb": {
        "lines": [
          null,
          null,
          1,
          1,
          1,
          1,
          3,
          null,
          null,
          1,
          3,
          null,
          1,
          null,
          null,
          null,
          null
        ]
      },
      "/app/app/controllers/api/v1/ping_controller.rb": {
        "lines": [
          null,
          null,
          1,
          1,
          null,
          1,
          1,
          null,
          1,
          null,
          null,
          null,
          null
        ]
      }
    },
    "timestamp": 1582458089
  }
}
