{
  "RSpec": {
    "coverage": {
      "/app/app/controllers/api/v1/authentication_controller.rb": {
        "lines": [
          null,
          null,
          1,
          1,
          1,
          1,
          3,
          3,
          null,
          null,
          1,
          null,
          1,
          6,
          null,
          null,
          null,
          null
        ]
      },
      "/app/app/controllers/application_controller.rb": {
        "lines": [
          null,
          null,
          1,
          1,
          null,
          1,
          16,
          null,
          null,
          1,
          13,
          null,
          null,
          1,
          null,
          1,
          29,
          null,
          null,
          1,
          26,
          null,
          null
        ]
      },
      "/app/app/controllers/api/v1/users_controller.rb": {
        "lines": [
          null,
          null,
          1,
          1,
          1,
          1,
          1,
          null,
          1,
          null,
          1,
          0,
          0,
          0,
          0,
          0,
          0,
          0,
          null,
          1,
          3,
          null,
          null,
          3,
          null,
          null,
          1,
          4,
          null,
          4,
          null,
          null,
          1,
          5,
          null,
          null,
          5,
          null,
          null,
          1,
          4,
          null,
          4,
          null,
          null,
          1,
          null,
          1,
          17,
          null,
          null,
          1,
          44,
          null,
          null,
          1,
          5,
          5,
          5,
          null,
          null,
          1,
          17,
          17,
          null,
          null,
          null,
          null
        ]
      },
      "/app/app/models/role.rb": {
        "lines": [
          null,
          null,
          1,
          1,
          null,
          1,
          null
        ]
      },
      "/app/app/models/user.rb": {
        "lines": [
          null,
          null,
          1,
          1,
          68,
          null,
          1,
          1,
          null,
          1,
          1,
          1,
          null,
          null,
          null,
          null,
          null,
          null,
          null,
          null,
          1,
          2,
          null,
          null,
          1,
          null,
          1,
          38,
          null,
          null
        ]
      },
      "/app/app/interactors/v1/authenticate_interactor.rb": {
        "lines": [
          null,
          null,
          1,
          1,
          1,
          3,
          3,
          null,
          null,
          1,
          3,
          2,
          null,
          1,
          null,
          null,
          null,
          1,
          null,
          1,
          6,
          null,
          null,
          null
        ]
      },
      "/app/app/repository/v1/users/find_repository.rb": {
        "lines": [
          null,
          null,
          1,
          1,
          1,
          1,
          29,
          null,
          null,
          1,
          29,
          null,
          4,
          null,
          null,
          null,
          null
        ]
      },
      "/app/app/services/json_schema_service.rb": {
        "lines": [
          null,
          null,
          1,
          1,
          17,
          17,
          17,
          null,
          null,
          1,
          17,
          null,
          1,
          null,
          null,
          1,
          null,
          1,
          17,
          17,
          null,
          null,
          1,
          17,
          null,
          null,
          1,
          17,
          null,
          null,
          1,
          17,
          null,
          null
        ]
      },
      "/app/app/interactors/v1/users/create_interactor.rb": {
        "lines": [
          null,
          null,
          1,
          1,
          1,
          1,
          3,
          3,
          3,
          null,
          null,
          1,
          3,
          2,
          null,
          1,
          null,
          null,
          null,
          1,
          null,
          1,
          6,
          null,
          null,
          null,
          null
        ]
      },
      "/app/app/repository/v1/users/create_repository.rb": {
        "lines": [
          null,
          null,
          1,
          1,
          1,
          1,
          3,
          3,
          3,
          null,
          null,
          1,
          3,
          null,
          1,
          null,
          null,
          null,
          null
        ]
      },
      "/app/app/presenters/v1/users/show_presenter.rb": {
        "lines": [
          null,
          null,
          1,
          1,
          1,
          1,
          6,
          null,
          null,
          1,
          6,
          null,
          null,
          1,
          null,
          1,
          6,
          null,
          null,
          null,
          null
        ]
      },
      "/app/app/interactors/v1/users/show_interactor.rb": {
        "lines": [
          null,
          null,
          1,
          1,
          1,
          1,
          4,
          4,
          null,
          null,
          1,
          4,
          3,
          null,
          2,
          null,
          null,
          1,
          null,
          1,
          3,
          null,
          null,
          1,
          10,
          null,
          null,
          null,
          null
        ]
      },
      "/app/app/policies/user_policy.rb": {
        "lines": [
          null,
          null,
          1,
          1,
          3,
          null,
          null,
          1,
          4,
          null,
          null,
          1,
          3,
          null,
          null,
          1,
          null,
          1,
          null,
          10,
          null,
          null
        ]
      },
      "/app/app/policies/application_policy.rb": {
        "lines": [
          null,
          null,
          1,
          1,
          null,
          1,
          10,
          10,
          null,
          null,
          1,
          3,
          null,
          null,
          null,
          null,
          null,
          null,
          null,
          null,
          null,
          null,
          null,
          null,
          null,
          null,
          null
        ]
      },
      "/app/app/interactors/v1/users/update_interactor.rb": {
        "lines": [
          null,
          null,
          1,
          1,
          1,
          1,
          5,
          5,
          5,
          null,
          null,
          1,
          5,
          4,
          3,
          1,
          null,
          null,
          2,
          null,
          null,
          1,
          null,
          1,
          4,
          null,
          null,
          1,
          13,
          null,
          null,
          1,
          6,
          null,
          null,
          null,
          null
        ]
      },
      "/app/app/repository/v1/users/update_repository.rb": {
        "lines": [
          null,
          null,
          1,
          1,
          1,
          1,
          3,
          3,
          null,
          null,
          1,
          3,
          2,
          null,
          1,
          null,
          null,
          null,
          null
        ]
      },
      "/app/app/interactors/v1/users/destroy_interactor.rb": {
        "lines": [
          null,
          null,
          1,
          1,
          1,
          1,
          4,
          4,
          null,
          null,
          1,
          4,
          3,
          null,
          2,
          null,
          null,
          1,
          null,
          1,
          3,
          null,
          null,
          1,
          10,
          null,
          null,
          null,
          null
        ]
      },
      "/app/app/repository/v1/users/destroy_repository.rb": {
        "lines": [
          null,
          null,
          1,
          1,
          1,
          1,
          2,
          null,
          null,
          1,
          2,
          null,
          null,
          null,
          null
        ]
      },
      "/app/app/controllers/api/v1/ping_controller.rb": {
        "lines": [
          null,
          null,
          1,
          1,
          null,
          1,
          1,
          null,
          1,
          null,
          null,
          null,
          null
        ]
      },
      "/app/app/services/error_service.rb": {
        "lines": [
          null,
          null,
          1,
          1,
          7,
          7,
          null,
          null,
          1,
          7,
          null,
          null
        ]
      }
    },
    "timestamp": 1585838437
  }
}
